#
# A fatal error has been detected by the Java Runtime Environment:
#
#  Internal Error (javaClasses.cpp:129), pid=4222, tid=140547651233536
#  fatal error: Invalid layout of preloaded class
#
# JRE version: 7.0_25-b30
# Java VM: OpenJDK 64-Bit Server VM (23.7-b01 mixed mode linux-amd64 compressed oops)
# Failed to write core dump. Core dumps have been disabled. To enable core dumping, try "ulimit -c unlimited" before starting Java again
#
# If you would like to submit a bug report, please include
# instructions on how to reproduce the bug and visit:
#   https://bugs.launchpad.net/ubuntu/+source/openjdk-7/
#

---------------  T H R E A D  ---------------

Current thread (0x00007fd3c4009000):  JavaThread "Unknown thread" [_thread_in_vm, id=4223, stack(0x00007fd3ccc36000,0x00007fd3ccd37000)]

Stack: [0x00007fd3ccc36000,0x00007fd3ccd37000],  sp=0x00007fd3ccd359a0,  free space=1022k
Native frames: (J=compiled Java code, j=interpreted, Vv=VM code, C=native code)
V  [libjvm.so+0x84e92b]  VMError::report_and_die()+0x16b
V  [libjvm.so+0x3ebd57]  report_fatal(char const*, int, char const*)+0x57
V  [libjvm.so+0x528efa]  compute_offset(int&, klassOopDesc*, Symbol*, Symbol*, bool) [clone .constprop.123]+0x11a
V  [libjvm.so+0x529166]  java_lang_String::compute_offsets()+0x36
V  [libjvm.so+0x7dcf8d]  SystemDictionary::initialize_preloaded_classes(Thread*)+0x3d
V  [libjvm.so+0x829288]  Universe::genesis(Thread*)+0x468
V  [libjvm.so+0x82973f]  universe2_init()+0x1f
V  [libjvm.so+0x4dde1a]  init_globals()+0x9a
V  [libjvm.so+0x80d26c]  Threads::create_vm(JavaVMInitArgs*, bool*)+0x39c
V  [libjvm.so+0x545278]  JNI_CreateJavaVM+0x58
C  [libjli.so+0x2b34]  __strcat_chk+0x2b34


---------------  P R O C E S S  ---------------

Java Threads: ( => current thread )

Other Threads:

=>0x00007fd3c4009000 (exited) JavaThread "Unknown thread" [_thread_in_vm, id=4223, stack(0x00007fd3ccc36000,0x00007fd3ccd37000)]

VM state:not at safepoint (not fully initialized)

VM Mutex/Monitor currently owned by a thread: None

GC Heap History (0 events):
No events

Deoptimization events (0 events):
No events

Internal exceptions (0 events):
No events

Events (10 events):
Event: 0.004 loading class 0x00007fd3c402ae50 done
Event: 0.004 loading class 0x00007fd3c402a6f0 done
Event: 0.004 loading class 0x00007fd3c402a6c0
Event: 0.005 loading class 0x00007fd3c4055f30
Event: 0.005 loading class 0x00007fd3c4055f30 done
Event: 0.005 loading class 0x00007fd3c4055f70
Event: 0.005 loading class 0x00007fd3c4055f70 done
Event: 0.005 loading class 0x00007fd3c4055fb0
Event: 0.005 loading class 0x00007fd3c4055fb0 done
Event: 0.005 loading class 0x00007fd3c402a6c0 done


Dynamic libraries:
00400000-00401000 r-xp 00000000 08:01 16942936                           /usr/lib/jvm/java-7-openjdk-amd64/jre/bin/java
00600000-00601000 r--p 00000000 08:01 16942936                           /usr/lib/jvm/java-7-openjdk-amd64/jre/bin/java
00601000-00602000 rw-p 00001000 08:01 16942936                           /usr/lib/jvm/java-7-openjdk-amd64/jre/bin/java
01353000-01374000 rw-p 00000000 00:00 0                                  [heap]
6fca00000-6fdec0000 rw-p 00000000 00:00 0 
6fdec0000-707000000 rw-p 00000000 00:00 0 
707000000-711600000 rw-p 00000000 00:00 0 
711600000-7ad000000 rw-p 00000000 00:00 0 
7ad000000-7b22f0000 rw-p 00000000 00:00 0 
7b22f0000-800000000 rw-p 00000000 00:00 0 
7fd3a5de4000-7fd3b0000000 rw-p 00000000 00:00 0 
7fd3b0000000-7fd3b0021000 rw-p 00000000 00:00 0 
7fd3b0021000-7fd3b4000000 ---p 00000000 00:00 0 
7fd3b4000000-7fd3b4021000 rw-p 00000000 00:00 0 
7fd3b4021000-7fd3b8000000 ---p 00000000 00:00 0 
7fd3b8000000-7fd3b8021000 rw-p 00000000 00:00 0 
7fd3b8021000-7fd3bc000000 ---p 00000000 00:00 0 
7fd3bc000000-7fd3bc021000 rw-p 00000000 00:00 0 
7fd3bc021000-7fd3c0000000 ---p 00000000 00:00 0 
7fd3c1000000-7fd3c1270000 rwxp 00000000 00:00 0 
7fd3c1270000-7fd3c4060000 rw-p 00000000 00:00 0 
7fd3c4060000-7fd3c8000000 ---p 00000000 00:00 0 
7fd3c84db000-7fd3c8721000 rw-p 00000000 00:00 0 
7fd3c8721000-7fd3c87f8000 r--s 013f2000 08:01 13397878                   /home/fhafon/Documents/Android_SDK/adt-bundle-linux-x86_64-20131030/sdk/platforms/android-19/android.jar
7fd3c87f8000-7fd3c8820000 rw-p 00000000 00:00 0 
7fd3c8820000-7fd3c8821000 ---p 00000000 00:00 0 
7fd3c8821000-7fd3c8921000 rw-p 00000000 00:00 0                          [stack:4231]
7fd3c8921000-7fd3c8922000 ---p 00000000 00:00 0 
7fd3c8922000-7fd3c8a22000 rw-p 00000000 00:00 0                          [stack:4230]
7fd3c8a22000-7fd3c8a23000 ---p 00000000 00:00 0 
7fd3c8a23000-7fd3c8b23000 rw-p 00000000 00:00 0                          [stack:4229]
7fd3c8b23000-7fd3c8b24000 ---p 00000000 00:00 0 
7fd3c8b24000-7fd3c8c2f000 rw-p 00000000 00:00 0                          [stack:4228]
7fd3c8c2f000-7fd3c8c77000 rw-p 00000000 00:00 0 
7fd3c8c77000-7fd3c8cca000 rw-p 00000000 00:00 0 
7fd3c8cca000-7fd3c91a7000 rw-p 00000000 00:00 0 
7fd3c91a7000-7fd3c91b2000 rw-p 00000000 00:00 0 
7fd3c91b2000-7fd3c91fa000 rw-p 00000000 00:00 0 
7fd3c91fa000-7fd3c924d000 rw-p 00000000 00:00 0 
7fd3c924d000-7fd3c972a000 rw-p 00000000 00:00 0 
7fd3c972a000-7fd3c9754000 rw-p 00000000 00:00 0 
7fd3c9754000-7fd3c99c2000 rw-p 00000000 00:00 0 
7fd3c99c2000-7fd3c99c3000 rw-p 00000000 00:00 0 
7fd3c99c3000-7fd3c99cb000 r-xp 00000000 08:01 16942934                   /usr/lib/jvm/java-7-openjdk-amd64/jre/lib/amd64/libzip.so
7fd3c99cb000-7fd3c9bca000 ---p 00008000 08:01 16942934                   /usr/lib/jvm/java-7-openjdk-amd64/jre/lib/amd64/libzip.so
7fd3c9bca000-7fd3c9bcb000 r--p 00007000 08:01 16942934                   /usr/lib/jvm/java-7-openjdk-amd64/jre/lib/amd64/libzip.so
7fd3c9bcb000-7fd3c9bcc000 rw-p 00008000 08:01 16942934                   /usr/lib/jvm/java-7-openjdk-amd64/jre/lib/amd64/libzip.so
7fd3c9bcc000-7fd3c9bd8000 r-xp 00000000 08:01 17466724                   /lib/x86_64-linux-gnu/libnss_files-2.17.so
7fd3c9bd8000-7fd3c9dd7000 ---p 0000c000 08:01 17466724                   /lib/x86_64-linux-gnu/libnss_files-2.17.so
7fd3c9dd7000-7fd3c9dd8000 r--p 0000b000 08:01 17466724                   /lib/x86_64-linux-gnu/libnss_files-2.17.so
7fd3c9dd8000-7fd3c9dd9000 rw-p 0000c000 08:01 17466724                   /lib/x86_64-linux-gnu/libnss_files-2.17.so
7fd3c9dd9000-7fd3c9de4000 r-xp 00000000 08:01 17466731                   /lib/x86_64-linux-gnu/libnss_nis-2.17.so
7fd3c9de4000-7fd3c9fe3000 ---p 0000b000 08:01 17466731                   /lib/x86_64-linux-gnu/libnss_nis-2.17.so
7fd3c9fe3000-7fd3c9fe4000 r--p 0000a000 08:01 17466731                   /lib/x86_64-linux-gnu/libnss_nis-2.17.so
7fd3c9fe4000-7fd3c9fe5000 rw-p 0000b000 08:01 17466731                   /lib/x86_64-linux-gnu/libnss_nis-2.17.so
7fd3c9fe5000-7fd3c9ffc000 r-xp 00000000 08:01 17466720                   /lib/x86_64-linux-gnu/libnsl-2.17.so
7fd3c9ffc000-7fd3ca1fb000 ---p 00017000 08:01 17466720                   /lib/x86_64-linux-gnu/libnsl-2.17.so
7fd3ca1fb000-7fd3ca1fc000 r--p 00016000 08:01 17466720                   /lib/x86_64-linux-gnu/libnsl-2.17.so
7fd3ca1fc000-7fd3ca1fd000 rw-p 00017000 08:01 17466720                   /lib/x86_64-linux-gnu/libnsl-2.17.so
7fd3ca1fd000-7fd3ca1ff000 rw-p 00000000 00:00 0 
7fd3ca1ff000-7fd3ca207000 r-xp 00000000 08:01 17470282                   /lib/x86_64-linux-gnu/libnss_compat-2.17.so
7fd3ca207000-7fd3ca406000 ---p 00008000 08:01 17470282                   /lib/x86_64-linux-gnu/libnss_compat-2.17.so
7fd3ca406000-7fd3ca407000 r--p 00007000 08:01 17470282                   /lib/x86_64-linux-gnu/libnss_compat-2.17.so
7fd3ca407000-7fd3ca408000 rw-p 00008000 08:01 17470282                   /lib/x86_64-linux-gnu/libnss_compat-2.17.so
7fd3ca408000-7fd3ca433000 r-xp 00000000 08:01 16942918                   /usr/lib/jvm/java-7-openjdk-amd64/jre/lib/amd64/libjava.so
7fd3ca433000-7fd3ca632000 ---p 0002b000 08:01 16942918                   /usr/lib/jvm/java-7-openjdk-amd64/jre/lib/amd64/libjava.so
7fd3ca632000-7fd3ca633000 r--p 0002a000 08:01 16942918                   /usr/lib/jvm/java-7-openjdk-amd64/jre/lib/amd64/libjava.so
7fd3ca633000-7fd3ca635000 rw-p 0002b000 08:01 16942918                   /usr/lib/jvm/java-7-openjdk-amd64/jre/lib/amd64/libjava.so
7fd3ca635000-7fd3ca644000 r-xp 00000000 08:01 16942917                   /usr/lib/jvm/java-7-openjdk-amd64/jre/lib/amd64/libverify.so
7fd3ca644000-7fd3ca843000 ---p 0000f000 08:01 16942917                   /usr/lib/jvm/java-7-openjdk-amd64/jre/lib/amd64/libverify.so
7fd3ca843000-7fd3ca845000 r--p 0000e000 08:01 16942917                   /usr/lib/jvm/java-7-openjdk-amd64/jre/lib/amd64/libverify.so
7fd3ca845000-7fd3ca846000 rw-p 00010000 08:01 16942917                   /usr/lib/jvm/java-7-openjdk-amd64/jre/lib/amd64/libverify.so
7fd3ca846000-7fd3ca84d000 r-xp 00000000 08:01 17466727                   /lib/x86_64-linux-gnu/librt-2.17.so
7fd3ca84d000-7fd3caa4c000 ---p 00007000 08:01 17466727                   /lib/x86_64-linux-gnu/librt-2.17.so
7fd3caa4c000-7fd3caa4d000 r--p 00006000 08:01 17466727                   /lib/x86_64-linux-gnu/librt-2.17.so
7fd3caa4d000-7fd3caa4e000 rw-p 00007000 08:01 17466727                   /lib/x86_64-linux-gnu/librt-2.17.so
7fd3caa4e000-7fd3caa62000 r-xp 00000000 08:01 17470338                   /lib/x86_64-linux-gnu/libgcc_s.so.1
7fd3caa62000-7fd3cac62000 ---p 00014000 08:01 17470338                   /lib/x86_64-linux-gnu/libgcc_s.so.1
7fd3cac62000-7fd3cac63000 r--p 00014000 08:01 17470338                   /lib/x86_64-linux-gnu/libgcc_s.so.1
7fd3cac63000-7fd3cac64000 rw-p 00015000 08:01 17470338                   /lib/x86_64-linux-gnu/libgcc_s.so.1
7fd3cac64000-7fd3cad67000 r-xp 00000000 08:01 17470242                   /lib/x86_64-linux-gnu/libm-2.17.so
7fd3cad67000-7fd3caf67000 ---p 00103000 08:01 17470242                   /lib/x86_64-linux-gnu/libm-2.17.so
7fd3caf67000-7fd3caf68000 r--p 00103000 08:01 17470242                   /lib/x86_64-linux-gnu/libm-2.17.so
7fd3caf68000-7fd3caf69000 rw-p 00104000 08:01 17470242                   /lib/x86_64-linux-gnu/libm-2.17.so
7fd3caf69000-7fd3cb04e000 r-xp 00000000 08:01 14979075                   /usr/lib/x86_64-linux-gnu/libstdc++.so.6.0.17
7fd3cb04e000-7fd3cb24d000 ---p 000e5000 08:01 14979075                   /usr/lib/x86_64-linux-gnu/libstdc++.so.6.0.17
7fd3cb24d000-7fd3cb255000 r--p 000e4000 08:01 14979075                   /usr/lib/x86_64-linux-gnu/libstdc++.so.6.0.17
7fd3cb255000-7fd3cb257000 rw-p 000ec000 08:01 14979075                   /usr/lib/x86_64-linux-gnu/libstdc++.so.6.0.17
7fd3cb257000-7fd3cb26c000 rw-p 00000000 00:00 0 
7fd3cb26c000-7fd3cbc5c000 r-xp 00000000 08:01 16942923                   /usr/lib/jvm/java-7-openjdk-amd64/jre/lib/amd64/server/libjvm.so
7fd3cbc5c000-7fd3cbe5b000 ---p 009f0000 08:01 16942923                   /usr/lib/jvm/java-7-openjdk-amd64/jre/lib/amd64/server/libjvm.so
7fd3cbe5b000-7fd3cbeda000 r--p 009ef000 08:01 16942923                   /usr/lib/jvm/java-7-openjdk-amd64/jre/lib/amd64/server/libjvm.so
7fd3cbeda000-7fd3cbefd000 rw-p 00a6e000 08:01 16942923                   /usr/lib/jvm/java-7-openjdk-amd64/jre/lib/amd64/server/libjvm.so
7fd3cbefd000-7fd3cbf28000 rw-p 00000000 00:00 0 
7fd3cbf28000-7fd3cbf3e000 r-xp 00000000 08:01 17470466                   /lib/x86_64-linux-gnu/libz.so.1.2.7
7fd3cbf3e000-7fd3cc13d000 ---p 00016000 08:01 17470466                   /lib/x86_64-linux-gnu/libz.so.1.2.7
7fd3cc13d000-7fd3cc13e000 r--p 00015000 08:01 17470466                   /lib/x86_64-linux-gnu/libz.so.1.2.7
7fd3cc13e000-7fd3cc13f000 rw-p 00016000 08:01 17470466                   /lib/x86_64-linux-gnu/libz.so.1.2.7
7fd3cc13f000-7fd3cc157000 r-xp 00000000 08:01 17466721                   /lib/x86_64-linux-gnu/libpthread-2.17.so
7fd3cc157000-7fd3cc356000 ---p 00018000 08:01 17466721                   /lib/x86_64-linux-gnu/libpthread-2.17.so
7fd3cc356000-7fd3cc357000 r--p 00017000 08:01 17466721                   /lib/x86_64-linux-gnu/libpthread-2.17.so
7fd3cc357000-7fd3cc358000 rw-p 00018000 08:01 17466721                   /lib/x86_64-linux-gnu/libpthread-2.17.so
7fd3cc358000-7fd3cc35c000 rw-p 00000000 00:00 0 
7fd3cc35c000-7fd3cc35f000 r-xp 00000000 08:01 17466723                   /lib/x86_64-linux-gnu/libdl-2.17.so
7fd3cc35f000-7fd3cc55e000 ---p 00003000 08:01 17466723                   /lib/x86_64-linux-gnu/libdl-2.17.so
7fd3cc55e000-7fd3cc55f000 r--p 00002000 08:01 17466723                   /lib/x86_64-linux-gnu/libdl-2.17.so
7fd3cc55f000-7fd3cc560000 rw-p 00003000 08:01 17466723                   /lib/x86_64-linux-gnu/libdl-2.17.so
7fd3cc560000-7fd3cc71f000 r-xp 00000000 08:01 17470713                   /lib/x86_64-linux-gnu/libc-2.17.so
7fd3cc71f000-7fd3cc91e000 ---p 001bf000 08:01 17470713                   /lib/x86_64-linux-gnu/libc-2.17.so
7fd3cc91e000-7fd3cc922000 r--p 001be000 08:01 17470713                   /lib/x86_64-linux-gnu/libc-2.17.so
7fd3cc922000-7fd3cc924000 rw-p 001c2000 08:01 17470713                   /lib/x86_64-linux-gnu/libc-2.17.so
7fd3cc924000-7fd3cc929000 rw-p 00000000 00:00 0 
7fd3cc929000-7fd3cc936000 r-xp 00000000 08:01 16942900                   /usr/lib/jvm/java-7-openjdk-amd64/jre/lib/amd64/jli/libjli.so
7fd3cc936000-7fd3ccb35000 ---p 0000d000 08:01 16942900                   /usr/lib/jvm/java-7-openjdk-amd64/jre/lib/amd64/jli/libjli.so
7fd3ccb35000-7fd3ccb36000 r--p 0000c000 08:01 16942900                   /usr/lib/jvm/java-7-openjdk-amd64/jre/lib/amd64/jli/libjli.so
7fd3ccb36000-7fd3ccb37000 rw-p 0000d000 08:01 16942900                   /usr/lib/jvm/java-7-openjdk-amd64/jre/lib/amd64/jli/libjli.so
7fd3ccb37000-7fd3ccb5a000 r-xp 00000000 08:01 17466637                   /lib/x86_64-linux-gnu/ld-2.17.so
7fd3ccb76000-7fd3ccb80000 rw-p 00000000 00:00 0 
7fd3ccb80000-7fd3ccc36000 rw-p 00000000 00:00 0 
7fd3ccc36000-7fd3ccc39000 ---p 00000000 00:00 0 
7fd3ccc39000-7fd3ccd3c000 rw-p 00000000 00:00 0                          [stack:4223]
7fd3ccd4b000-7fd3ccd4d000 rw-p 00000000 00:00 0 
7fd3ccd4d000-7fd3ccd55000 rw-s 00000000 08:01 3414574                    /tmp/hsperfdata_fhafon/4222
7fd3ccd55000-7fd3ccd56000 rw-p 00000000 00:00 0 
7fd3ccd56000-7fd3ccd57000 r--p 00000000 00:00 0 
7fd3ccd57000-7fd3ccd59000 rw-p 00000000 00:00 0 
7fd3ccd59000-7fd3ccd5a000 r--p 00022000 08:01 17466637                   /lib/x86_64-linux-gnu/ld-2.17.so
7fd3ccd5a000-7fd3ccd5c000 rw-p 00023000 08:01 17466637                   /lib/x86_64-linux-gnu/ld-2.17.so
7fffe84b0000-7fffe84d1000 rw-p 00000000 00:00 0                          [stack]
7fffe85fe000-7fffe8600000 r-xp 00000000 00:00 0                          [vdso]
ffffffffff600000-ffffffffff601000 r-xp 00000000 00:00 0                  [vsyscall]

VM Arguments:
jvm_args: -Dfile.encoding=UTF-8 -Xbootclasspath:/home/fhafon/Documents/Android_SDK/adt-bundle-linux-x86_64-20131030/sdk/platforms/android-19/android.jar 
java_command: activityrecognition.SVMTraining
Launcher Type: SUN_STANDARD

Environment Variables:
PATH=/usr/lib/lightdm/lightdm:/usr/local/sbin:/usr/local/bin:/usr/sbin:/usr/bin:/sbin:/bin:/usr/games:/usr/local/games
SHELL=/bin/bash
DISPLAY=:0.0

Signal Handlers:
SIGSEGV: [libjvm.so+0x84f410], sa_mask[0]=0x7ffbfeff, sa_flags=0x10000004
SIGBUS: [libjvm.so+0x84f410], sa_mask[0]=0x7ffbfeff, sa_flags=0x10000004
SIGFPE: [libjvm.so+0x6f19a0], sa_mask[0]=0x7ffbfeff, sa_flags=0x10000004
SIGPIPE: [libjvm.so+0x6f19a0], sa_mask[0]=0x7ffbfeff, sa_flags=0x10000004
SIGXFSZ: [libjvm.so+0x6f19a0], sa_mask[0]=0x7ffbfeff, sa_flags=0x10000004
SIGILL: [libjvm.so+0x6f19a0], sa_mask[0]=0x7ffbfeff, sa_flags=0x10000004
SIGUSR1: SIG_DFL, sa_mask[0]=0x00000000, sa_flags=0x00000000
SIGUSR2: [libjvm.so+0x6f1d70], sa_mask[0]=0x00000004, sa_flags=0x10000004
SIGHUP: SIG_DFL, sa_mask[0]=0x00000000, sa_flags=0x00000000
SIGINT: SIG_DFL, sa_mask[0]=0x00000000, sa_flags=0x00000000
SIGTERM: SIG_DFL, sa_mask[0]=0x00000000, sa_flags=0x00000000
SIGQUIT: SIG_DFL, sa_mask[0]=0x00000000, sa_flags=0x00000000


---------------  S Y S T E M  ---------------

OS:Ubuntu 13.04 (raring)
uname:Linux 3.8.0-34-generic #49-Ubuntu SMP Tue Nov 12 18:00:10 UTC 2013 x86_64
libc:glibc 2.17 NPTL 2.17 
rlimit: STACK 8192k, CORE 0k, NPROC 127289, NOFILE 4096, AS infinity
load average:0.03 0.08 0.06

/proc/meminfo:
MemTotal:       16312212 kB
MemFree:        13077324 kB
Buffers:          149428 kB
Cached:          1444332 kB
SwapCached:            0 kB
Active:          1835380 kB
Inactive:        1121016 kB
Active(anon):    1368700 kB
Inactive(anon):   607704 kB
Active(file):     466680 kB
Inactive(file):   513312 kB
Unevictable:          32 kB
Mlocked:              32 kB
SwapTotal:      16654332 kB
SwapFree:       16654332 kB
Dirty:                96 kB
Writeback:             0 kB
AnonPages:       1363708 kB
Mapped:           204168 kB
Shmem:            613396 kB
Slab:             120640 kB
SReclaimable:      93060 kB
SUnreclaim:        27580 kB
KernelStack:        4000 kB
PageTables:        28808 kB
NFS_Unstable:          0 kB
Bounce:                0 kB
WritebackTmp:          0 kB
CommitLimit:    24810436 kB
Committed_AS:    5078016 kB
VmallocTotal:   34359738367 kB
VmallocUsed:      375872 kB
VmallocChunk:   34359359576 kB
HardwareCorrupted:     0 kB
AnonHugePages:         0 kB
HugePages_Total:       0
HugePages_Free:        0
HugePages_Rsvd:        0
HugePages_Surp:        0
Hugepagesize:       2048 kB
DirectMap4k:       63488 kB
DirectMap2M:    16599040 kB


CPU:total 4 (4 cores per cpu, 1 threads per core) family 6 model 42 stepping 7, cmov, cx8, fxsr, mmx, sse, sse2, sse3, ssse3, sse4.1, sse4.2, popcnt, avx, tsc, tscinvbit

/proc/cpuinfo:
processor	: 0
vendor_id	: GenuineIntel
cpu family	: 6
model		: 42
model name	: Intel(R) Core(TM) i5-2400 CPU @ 3.10GHz
stepping	: 7
microcode	: 0x18
cpu MHz		: 1600.000
cache size	: 6144 KB
physical id	: 0
siblings	: 4
core id		: 0
cpu cores	: 4
apicid		: 0
initial apicid	: 0
fpu		: yes
fpu_exception	: yes
cpuid level	: 13
wp		: yes
flags		: fpu vme de pse tsc msr pae mce cx8 apic sep mtrr pge mca cmov pat pse36 clflush dts acpi mmx fxsr sse sse2 ss ht tm pbe syscall nx rdtscp lm constant_tsc arch_perfmon pebs bts rep_good nopl xtopology nonstop_tsc aperfmperf eagerfpu pni pclmulqdq dtes64 monitor ds_cpl vmx smx est tm2 ssse3 cx16 xtpr pdcm pcid sse4_1 sse4_2 x2apic popcnt tsc_deadline_timer aes xsave avx lahf_lm ida arat epb xsaveopt pln pts dtherm tpr_shadow vnmi flexpriority ept vpid
bogomips	: 6185.84
clflush size	: 64
cache_alignment	: 64
address sizes	: 36 bits physical, 48 bits virtual
power management:

processor	: 1
vendor_id	: GenuineIntel
cpu family	: 6
model		: 42
model name	: Intel(R) Core(TM) i5-2400 CPU @ 3.10GHz
stepping	: 7
microcode	: 0x18
cpu MHz		: 3101.000
cache size	: 6144 KB
physical id	: 0
siblings	: 4
core id		: 1
cpu cores	: 4
apicid		: 2
initial apicid	: 2
fpu		: yes
fpu_exception	: yes
cpuid level	: 13
wp		: yes
flags		: fpu vme de pse tsc msr pae mce cx8 apic sep mtrr pge mca cmov pat pse36 clflush dts acpi mmx fxsr sse sse2 ss ht tm pbe syscall nx rdtscp lm constant_tsc arch_perfmon pebs bts rep_good nopl xtopology nonstop_tsc aperfmperf eagerfpu pni pclmulqdq dtes64 monitor ds_cpl vmx smx est tm2 ssse3 cx16 xtpr pdcm pcid sse4_1 sse4_2 x2apic popcnt tsc_deadline_timer aes xsave avx lahf_lm ida arat epb xsaveopt pln pts dtherm tpr_shadow vnmi flexpriority ept vpid
bogomips	: 6185.84
clflush size	: 64
cache_alignment	: 64
address sizes	: 36 bits physical, 48 bits virtual
power management:

processor	: 2
vendor_id	: GenuineIntel
cpu family	: 6
model		: 42
model name	: Intel(R) Core(TM) i5-2400 CPU @ 3.10GHz
stepping	: 7
microcode	: 0x18
cpu MHz		: 1600.000
cache size	: 6144 KB
physical id	: 0
siblings	: 4
core id		: 2
cpu cores	: 4
apicid		: 4
initial apicid	: 4
fpu		: yes
fpu_exception	: yes
cpuid level	: 13
wp		: yes
flags		: fpu vme de pse tsc msr pae mce cx8 apic sep mtrr pge mca cmov pat pse36 clflush dts acpi mmx fxsr sse sse2 ss ht tm pbe syscall nx rdtscp lm constant_tsc arch_perfmon pebs bts rep_good nopl xtopology nonstop_tsc aperfmperf eagerfpu pni pclmulqdq dtes64 monitor ds_cpl vmx smx est tm2 ssse3 cx16 xtpr pdcm pcid sse4_1 sse4_2 x2apic popcnt tsc_deadline_timer aes xsave avx lahf_lm ida arat epb xsaveopt pln pts dtherm tpr_shadow vnmi flexpriority ept vpid
bogomips	: 6185.84
clflush size	: 64
cache_alignment	: 64
address sizes	: 36 bits physical, 48 bits virtual
power management:

processor	: 3
vendor_id	: GenuineIntel
cpu family	: 6
model		: 42
model name	: Intel(R) Core(TM) i5-2400 CPU @ 3.10GHz
stepping	: 7
microcode	: 0x18
cpu MHz		: 3101.000
cache size	: 6144 KB
physical id	: 0
siblings	: 4
core id		: 3
cpu cores	: 4
apicid		: 6
initial apicid	: 6
fpu		: yes
fpu_exception	: yes
cpuid level	: 13
wp		: yes
flags		: fpu vme de pse tsc msr pae mce cx8 apic sep mtrr pge mca cmov pat pse36 clflush dts acpi mmx fxsr sse sse2 ss ht tm pbe syscall nx rdtscp lm constant_tsc arch_perfmon pebs bts rep_good nopl xtopology nonstop_tsc aperfmperf eagerfpu pni pclmulqdq dtes64 monitor ds_cpl vmx smx est tm2 ssse3 cx16 xtpr pdcm pcid sse4_1 sse4_2 x2apic popcnt tsc_deadline_timer aes xsave avx lahf_lm ida arat epb xsaveopt pln pts dtherm tpr_shadow vnmi flexpriority ept vpid
bogomips	: 6185.84
clflush size	: 64
cache_alignment	: 64
address sizes	: 36 bits physical, 48 bits virtual
power management:



Memory: 4k page, physical 16312212k(13077324k free), swap 16654332k(16654332k free)

vm_info: OpenJDK 64-Bit Server VM (23.7-b01) for linux-amd64 JRE (1.7.0_25-b30), built on Jul  3 2013 13:50:39 by "buildd" with gcc 4.7.3

time: Thu Jan 16 11:51:26 2014
elapsed time: 0 seconds

